<?xml version="1.0" encoding="UTF-8"?>
<!-- Generated by org.testng.reporters.JUnitReportReporter -->
<testsuite hostname="LF-00002624" failures="0" tests="1" name="com.mystore.testcases.TC_ProductPageTest" time="2.256" errors="0" timestamp="2024-02-27T15:54:30 IST" skipped="0">
  <testcase classname="com.mystore.testcases.TC_ProductPageTest" name="VerifyBuyProduct" time="2.256"/>
  <system-out/>
</testsuite> <!-- com.mystore.testcases.TC_ProductPageTest -->
