<?xml version="1.0" encoding="UTF-8"?>
<!-- Generated by org.testng.reporters.JUnitReportReporter -->
<testsuite hostname="LF-00002624" failures="0" tests="1" name="com.mystore.testcases.TC_CheckOutRemovePageTest" time="1.681" errors="0" timestamp="2024-02-27T15:54:30 IST" skipped="0">
  <testcase classname="com.mystore.testcases.TC_CheckOutRemovePageTest" name="VerifyCheckOutRemoveValidation" time="1.681"/>
  <system-out/>
</testsuite> <!-- com.mystore.testcases.TC_CheckOutRemovePageTest -->
